CRITICAL - 2022-11-28 07:20:33 --> Invalid argument supplied for foreach()
#0 /home/imah9gjvpbbj/public_html/app/Views/front/sections/articles.php(9): CodeIgniter\Debug\Exceptions->errorHandler(2, 'Invalid argumen...', '/home/imah9gjvp...', 9, Array)
#1 /home/imah9gjvpbbj/public_html/system/View/View.php(210): include('/home/imah9gjvp...')
#2 /home/imah9gjvpbbj/public_html/system/View/View.php(213): CodeIgniter\View\View->CodeIgniter\View\{closure}()
#3 /home/imah9gjvpbbj/public_html/system/Common.php(1089): CodeIgniter\View\View->render('front/sections/...', Array, true)
#4 /home/imah9gjvpbbj/public_html/app/Views/front/sub-cat-business-list.php(66): view('front/sections/...')
#5 /home/imah9gjvpbbj/public_html/system/View/View.php(210): include('/home/imah9gjvp...')
#6 /home/imah9gjvpbbj/public_html/system/View/View.php(213): CodeIgniter\View\View->CodeIgniter\View\{closure}()
#7 /home/imah9gjvpbbj/public_html/system/Common.php(1089): CodeIgniter\View\View->render('front/sub-cat-b...', Array, true)
#8 /home/imah9gjvpbbj/public_html/app/Controllers/FrontController.php(281): view('front/sub-cat-b...', Array)
#9 /home/imah9gjvpbbj/public_html/system/CodeIgniter.php(832): App\Controllers\FrontController->subcategory_listings('735b90b4568125e...')
#10 /home/imah9gjvpbbj/public_html/system/CodeIgniter.php(419): CodeIgniter\CodeIgniter->runController(Object(App\Controllers\FrontController))
#11 /home/imah9gjvpbbj/public_html/system/CodeIgniter.php(326): CodeIgniter\CodeIgniter->handleRequest(NULL, Object(Config\Cache), false)
#12 /home/imah9gjvpbbj/public_html/index.php(39): CodeIgniter\CodeIgniter->run()
#13 {main}
CRITICAL - 2022-11-28 07:20:44 --> Invalid argument supplied for foreach()
#0 /home/imah9gjvpbbj/public_html/app/Views/front/sections/articles.php(9): CodeIgniter\Debug\Exceptions->errorHandler(2, 'Invalid argumen...', '/home/imah9gjvp...', 9, Array)
#1 /home/imah9gjvpbbj/public_html/system/View/View.php(210): include('/home/imah9gjvp...')
#2 /home/imah9gjvpbbj/public_html/system/View/View.php(213): CodeIgniter\View\View->CodeIgniter\View\{closure}()
#3 /home/imah9gjvpbbj/public_html/system/Common.php(1089): CodeIgniter\View\View->render('front/sections/...', Array, true)
#4 /home/imah9gjvpbbj/public_html/app/Views/front/sub-cat-business-list.php(66): view('front/sections/...')
#5 /home/imah9gjvpbbj/public_html/system/View/View.php(210): include('/home/imah9gjvp...')
#6 /home/imah9gjvpbbj/public_html/system/View/View.php(213): CodeIgniter\View\View->CodeIgniter\View\{closure}()
#7 /home/imah9gjvpbbj/public_html/system/Common.php(1089): CodeIgniter\View\View->render('front/sub-cat-b...', Array, true)
#8 /home/imah9gjvpbbj/public_html/app/Controllers/FrontController.php(281): view('front/sub-cat-b...', Array)
#9 /home/imah9gjvpbbj/public_html/system/CodeIgniter.php(832): App\Controllers\FrontController->subcategory_listings('735b90b4568125e...')
#10 /home/imah9gjvpbbj/public_html/system/CodeIgniter.php(419): CodeIgniter\CodeIgniter->runController(Object(App\Controllers\FrontController))
#11 /home/imah9gjvpbbj/public_html/system/CodeIgniter.php(326): CodeIgniter\CodeIgniter->handleRequest(NULL, Object(Config\Cache), false)
#12 /home/imah9gjvpbbj/public_html/index.php(39): CodeIgniter\CodeIgniter->run()
#13 {main}
CRITICAL - 2022-11-28 12:21:40 --> Invalid argument supplied for foreach()
#0 /home/imah9gjvpbbj/public_html/app/Views/front/sections/articles.php(9): CodeIgniter\Debug\Exceptions->errorHandler(2, 'Invalid argumen...', '/home/imah9gjvp...', 9, Array)
#1 /home/imah9gjvpbbj/public_html/system/View/View.php(210): include('/home/imah9gjvp...')
#2 /home/imah9gjvpbbj/public_html/system/View/View.php(213): CodeIgniter\View\View->CodeIgniter\View\{closure}()
#3 /home/imah9gjvpbbj/public_html/system/Common.php(1089): CodeIgniter\View\View->render('front/sections/...', Array, true)
#4 /home/imah9gjvpbbj/public_html/app/Views/front/category-listing.php(49): view('front/sections/...')
#5 /home/imah9gjvpbbj/public_html/system/View/View.php(210): include('/home/imah9gjvp...')
#6 /home/imah9gjvpbbj/public_html/system/View/View.php(213): CodeIgniter\View\View->CodeIgniter\View\{closure}()
#7 /home/imah9gjvpbbj/public_html/system/Common.php(1089): CodeIgniter\View\View->render('front/category-...', Array, true)
#8 /home/imah9gjvpbbj/public_html/app/Controllers/FrontController.php(169): view('front/category-...', Array)
#9 /home/imah9gjvpbbj/public_html/system/CodeIgniter.php(832): App\Controllers\FrontController->category()
#10 /home/imah9gjvpbbj/public_html/system/CodeIgniter.php(419): CodeIgniter\CodeIgniter->runController(Object(App\Controllers\FrontController))
#11 /home/imah9gjvpbbj/public_html/system/CodeIgniter.php(326): CodeIgniter\CodeIgniter->handleRequest(NULL, Object(Config\Cache), false)
#12 /home/imah9gjvpbbj/public_html/index.php(39): CodeIgniter\CodeIgniter->run()
#13 {main}
CRITICAL - 2022-11-28 12:22:33 --> Invalid argument supplied for foreach()
#0 /home/imah9gjvpbbj/public_html/app/Views/front/sections/articles.php(9): CodeIgniter\Debug\Exceptions->errorHandler(2, 'Invalid argumen...', '/home/imah9gjvp...', 9, Array)
#1 /home/imah9gjvpbbj/public_html/system/View/View.php(210): include('/home/imah9gjvp...')
#2 /home/imah9gjvpbbj/public_html/system/View/View.php(213): CodeIgniter\View\View->CodeIgniter\View\{closure}()
#3 /home/imah9gjvpbbj/public_html/system/Common.php(1089): CodeIgniter\View\View->render('front/sections/...', Array, true)
#4 /home/imah9gjvpbbj/public_html/app/Views/front/sub-cat-business-list.php(66): view('front/sections/...')
#5 /home/imah9gjvpbbj/public_html/system/View/View.php(210): include('/home/imah9gjvp...')
#6 /home/imah9gjvpbbj/public_html/system/View/View.php(213): CodeIgniter\View\View->CodeIgniter\View\{closure}()
#7 /home/imah9gjvpbbj/public_html/system/Common.php(1089): CodeIgniter\View\View->render('front/sub-cat-b...', Array, true)
#8 /home/imah9gjvpbbj/public_html/app/Controllers/FrontController.php(281): view('front/sub-cat-b...', Array)
#9 /home/imah9gjvpbbj/public_html/system/CodeIgniter.php(832): App\Controllers\FrontController->subcategory_listings('37693cfc748049e...')
#10 /home/imah9gjvpbbj/public_html/system/CodeIgniter.php(419): CodeIgniter\CodeIgniter->runController(Object(App\Controllers\FrontController))
#11 /home/imah9gjvpbbj/public_html/system/CodeIgniter.php(326): CodeIgniter\CodeIgniter->handleRequest(NULL, Object(Config\Cache), false)
#12 /home/imah9gjvpbbj/public_html/index.php(39): CodeIgniter\CodeIgniter->run()
#13 {main}
