CRITICAL - 2023-01-12 02:59:14 --> simplexml_load_file(https://api.openweathermap.org/data/2.5/weather?lat=25.7551&amp;lon=52.7871&amp;appid=fb563e9f3dd1081c4108daf670d5e0cc&amp;units=metric&amp;mode=xml): failed to open stream: Connection timed out
#0 [internal function]: CodeIgniter\Debug\Exceptions->errorHandler(2, 'simplexml_load_...', '/var/www/html/a...', 85, Array)
#1 /var/www/html/app/Views/home/template/header.php(85): simplexml_load_file('https://api.ope...')
#2 /var/www/html/system/View/View.php(210): include('/var/www/html/a...')
#3 /var/www/html/system/View/View.php(213): CodeIgniter\View\View->CodeIgniter\View\{closure}()
#4 /var/www/html/system/Common.php(1089): CodeIgniter\View\View->render('home/template/h...', Array, true)
#5 /var/www/html/app/Views/home/index.php(2): view('home/template/h...')
#6 /var/www/html/system/View/View.php(210): include('/var/www/html/a...')
#7 /var/www/html/system/View/View.php(213): CodeIgniter\View\View->CodeIgniter\View\{closure}()
#8 /var/www/html/system/Common.php(1089): CodeIgniter\View\View->render('home/index', Array, true)
#9 /var/www/html/app/Controllers/HomeController.php(98): view('home/index', Array)
#10 /var/www/html/system/CodeIgniter.php(832): App\Controllers\HomeController->index()
#11 /var/www/html/system/CodeIgniter.php(419): CodeIgniter\CodeIgniter->runController(Object(App\Controllers\HomeController))
#12 /var/www/html/system/CodeIgniter.php(326): CodeIgniter\CodeIgniter->handleRequest(NULL, Object(Config\Cache), false)
#13 /var/www/html/index.php(39): CodeIgniter\CodeIgniter->run()
#14 {main}
CRITICAL - 2023-01-12 03:00:20 --> Call to a member function getResultArray() on null
#0 /var/www/html/app/Controllers/HomeController.php(31): App\Models\BussinessesModel->home_business_listings_all()
#1 /var/www/html/system/CodeIgniter.php(832): App\Controllers\HomeController->index()
#2 /var/www/html/system/CodeIgniter.php(419): CodeIgniter\CodeIgniter->runController(Object(App\Controllers\HomeController))
#3 /var/www/html/system/CodeIgniter.php(326): CodeIgniter\CodeIgniter->handleRequest(NULL, Object(Config\Cache), false)
#4 /var/www/html/index.php(39): CodeIgniter\CodeIgniter->run()
#5 {main}
CRITICAL - 2023-01-12 03:28:38 --> A non-numeric value encountered
#0 /var/www/html/app/Views/home/sections/business_listing_grid.php(59): CodeIgniter\Debug\Exceptions->errorHandler(2, 'A non-numeric v...', '/var/www/html/a...', 59, Array)
#1 /var/www/html/system/View/View.php(210): include('/var/www/html/a...')
#2 /var/www/html/system/View/View.php(213): CodeIgniter\View\View->CodeIgniter\View\{closure}()
#3 /var/www/html/system/Common.php(1089): CodeIgniter\View\View->render('home/sections/b...', Array, true)
#4 /var/www/html/app/Views/home/index.php(235): view('home/sections/b...')
#5 /var/www/html/system/View/View.php(210): include('/var/www/html/a...')
#6 /var/www/html/system/View/View.php(213): CodeIgniter\View\View->CodeIgniter\View\{closure}()
#7 /var/www/html/system/Common.php(1089): CodeIgniter\View\View->render('home/index', Array, true)
#8 /var/www/html/app/Controllers/HomeController.php(98): view('home/index', Array)
#9 /var/www/html/system/CodeIgniter.php(832): App\Controllers\HomeController->index()
#10 /var/www/html/system/CodeIgniter.php(419): CodeIgniter\CodeIgniter->runController(Object(App\Controllers\HomeController))
#11 /var/www/html/system/CodeIgniter.php(326): CodeIgniter\CodeIgniter->handleRequest(NULL, Object(Config\Cache), false)
#12 /var/www/html/index.php(39): CodeIgniter\CodeIgniter->run()
#13 {main}
