CRITICAL - 2022-11-23 02:59:51 --> Call to undefined method App\Models\Bussinesses::all_nearby_location
#0 /home/imah9gjvpbbj/public_html/app/Controllers/UserController.php(353): CodeIgniter\Model->__call('all_nearby_loca...', Array)
#1 /home/imah9gjvpbbj/public_html/system/CodeIgniter.php(832): App\Controllers\UserController->user_business_edit('99c5e07b4d5de9d...')
#2 /home/imah9gjvpbbj/public_html/system/CodeIgniter.php(419): CodeIgniter\CodeIgniter->runController(Object(App\Controllers\UserController))
#3 /home/imah9gjvpbbj/public_html/system/CodeIgniter.php(326): CodeIgniter\CodeIgniter->handleRequest(NULL, Object(Config\Cache), false)
#4 /home/imah9gjvpbbj/public_html/index.php(39): CodeIgniter\CodeIgniter->run()
#5 {main}
CRITICAL - 2022-11-23 03:13:43 --> Invalid argument supplied for foreach()
#0 /home/imah9gjvpbbj/public_html/app/Views/user/business/add_bussiness.php(55): CodeIgniter\Debug\Exceptions->errorHandler(2, 'Invalid argumen...', '/home/imah9gjvp...', 55, Array)
#1 /home/imah9gjvpbbj/public_html/system/View/View.php(210): include('/home/imah9gjvp...')
#2 /home/imah9gjvpbbj/public_html/system/View/View.php(213): CodeIgniter\View\View->CodeIgniter\View\{closure}()
#3 /home/imah9gjvpbbj/public_html/system/Common.php(1089): CodeIgniter\View\View->render('user/business/a...', Array, true)
#4 /home/imah9gjvpbbj/public_html/app/Controllers/UserController.php(89): view('user/business/a...', Array)
#5 /home/imah9gjvpbbj/public_html/system/CodeIgniter.php(832): App\Controllers\UserController->add_bussiness()
#6 /home/imah9gjvpbbj/public_html/system/CodeIgniter.php(419): CodeIgniter\CodeIgniter->runController(Object(App\Controllers\UserController))
#7 /home/imah9gjvpbbj/public_html/system/CodeIgniter.php(326): CodeIgniter\CodeIgniter->handleRequest(NULL, Object(Config\Cache), false)
#8 /home/imah9gjvpbbj/public_html/index.php(39): CodeIgniter\CodeIgniter->run()
#9 {main}
CRITICAL - 2022-11-23 03:30:26 --> Invalid argument supplied for foreach()
#0 /home/imah9gjvpbbj/public_html/app/Views/admin/bussiness/edit.php(87): CodeIgniter\Debug\Exceptions->errorHandler(2, 'Invalid argumen...', '/home/imah9gjvp...', 87, Array)
#1 /home/imah9gjvpbbj/public_html/system/View/View.php(210): include('/home/imah9gjvp...')
#2 /home/imah9gjvpbbj/public_html/system/View/View.php(213): CodeIgniter\View\View->CodeIgniter\View\{closure}()
#3 /home/imah9gjvpbbj/public_html/system/Common.php(1089): CodeIgniter\View\View->render('admin/bussiness...', Array, true)
#4 /home/imah9gjvpbbj/public_html/app/Controllers/BussinessController.php(121): view('admin/bussiness...', Array)
#5 /home/imah9gjvpbbj/public_html/system/CodeIgniter.php(832): App\Controllers\BussinessController->edit('996009f23740066...')
#6 /home/imah9gjvpbbj/public_html/system/CodeIgniter.php(419): CodeIgniter\CodeIgniter->runController(Object(App\Controllers\BussinessController))
#7 /home/imah9gjvpbbj/public_html/system/CodeIgniter.php(326): CodeIgniter\CodeIgniter->handleRequest(NULL, Object(Config\Cache), false)
#8 /home/imah9gjvpbbj/public_html/index.php(39): CodeIgniter\CodeIgniter->run()
#9 {main}
CRITICAL - 2022-11-23 03:30:44 --> Invalid argument supplied for foreach()
#0 /home/imah9gjvpbbj/public_html/app/Views/admin/bussiness/edit.php(87): CodeIgniter\Debug\Exceptions->errorHandler(2, 'Invalid argumen...', '/home/imah9gjvp...', 87, Array)
#1 /home/imah9gjvpbbj/public_html/system/View/View.php(210): include('/home/imah9gjvp...')
#2 /home/imah9gjvpbbj/public_html/system/View/View.php(213): CodeIgniter\View\View->CodeIgniter\View\{closure}()
#3 /home/imah9gjvpbbj/public_html/system/Common.php(1089): CodeIgniter\View\View->render('admin/bussiness...', Array, true)
#4 /home/imah9gjvpbbj/public_html/app/Controllers/BussinessController.php(121): view('admin/bussiness...', Array)
#5 /home/imah9gjvpbbj/public_html/system/CodeIgniter.php(832): App\Controllers\BussinessController->edit('996009f23740066...')
#6 /home/imah9gjvpbbj/public_html/system/CodeIgniter.php(419): CodeIgniter\CodeIgniter->runController(Object(App\Controllers\BussinessController))
#7 /home/imah9gjvpbbj/public_html/system/CodeIgniter.php(326): CodeIgniter\CodeIgniter->handleRequest(NULL, Object(Config\Cache), false)
#8 /home/imah9gjvpbbj/public_html/index.php(39): CodeIgniter\CodeIgniter->run()
#9 {main}
CRITICAL - 2022-11-23 03:30:51 --> Invalid argument supplied for foreach()
#0 /home/imah9gjvpbbj/public_html/app/Views/admin/bussiness/edit.php(87): CodeIgniter\Debug\Exceptions->errorHandler(2, 'Invalid argumen...', '/home/imah9gjvp...', 87, Array)
#1 /home/imah9gjvpbbj/public_html/system/View/View.php(210): include('/home/imah9gjvp...')
#2 /home/imah9gjvpbbj/public_html/system/View/View.php(213): CodeIgniter\View\View->CodeIgniter\View\{closure}()
#3 /home/imah9gjvpbbj/public_html/system/Common.php(1089): CodeIgniter\View\View->render('admin/bussiness...', Array, true)
#4 /home/imah9gjvpbbj/public_html/app/Controllers/BussinessController.php(121): view('admin/bussiness...', Array)
#5 /home/imah9gjvpbbj/public_html/system/CodeIgniter.php(832): App\Controllers\BussinessController->edit('99c5e07b4d5de9d...')
#6 /home/imah9gjvpbbj/public_html/system/CodeIgniter.php(419): CodeIgniter\CodeIgniter->runController(Object(App\Controllers\BussinessController))
#7 /home/imah9gjvpbbj/public_html/system/CodeIgniter.php(326): CodeIgniter\CodeIgniter->handleRequest(NULL, Object(Config\Cache), false)
#8 /home/imah9gjvpbbj/public_html/index.php(39): CodeIgniter\CodeIgniter->run()
#9 {main}
CRITICAL - 2022-11-23 03:31:00 --> Invalid argument supplied for foreach()
#0 /home/imah9gjvpbbj/public_html/app/Views/admin/bussiness/edit.php(87): CodeIgniter\Debug\Exceptions->errorHandler(2, 'Invalid argumen...', '/home/imah9gjvp...', 87, Array)
#1 /home/imah9gjvpbbj/public_html/system/View/View.php(210): include('/home/imah9gjvp...')
#2 /home/imah9gjvpbbj/public_html/system/View/View.php(213): CodeIgniter\View\View->CodeIgniter\View\{closure}()
#3 /home/imah9gjvpbbj/public_html/system/Common.php(1089): CodeIgniter\View\View->render('admin/bussiness...', Array, true)
#4 /home/imah9gjvpbbj/public_html/app/Controllers/BussinessController.php(121): view('admin/bussiness...', Array)
#5 /home/imah9gjvpbbj/public_html/system/CodeIgniter.php(832): App\Controllers\BussinessController->edit('99c5e07b4d5de9d...')
#6 /home/imah9gjvpbbj/public_html/system/CodeIgniter.php(419): CodeIgniter\CodeIgniter->runController(Object(App\Controllers\BussinessController))
#7 /home/imah9gjvpbbj/public_html/system/CodeIgniter.php(326): CodeIgniter\CodeIgniter->handleRequest(NULL, Object(Config\Cache), false)
#8 /home/imah9gjvpbbj/public_html/index.php(39): CodeIgniter\CodeIgniter->run()
#9 {main}
CRITICAL - 2022-11-23 03:32:06 --> Invalid argument supplied for foreach()
#0 /home/imah9gjvpbbj/public_html/app/Views/admin/bussiness/edit.php(87): CodeIgniter\Debug\Exceptions->errorHandler(2, 'Invalid argumen...', '/home/imah9gjvp...', 87, Array)
#1 /home/imah9gjvpbbj/public_html/system/View/View.php(210): include('/home/imah9gjvp...')
#2 /home/imah9gjvpbbj/public_html/system/View/View.php(213): CodeIgniter\View\View->CodeIgniter\View\{closure}()
#3 /home/imah9gjvpbbj/public_html/system/Common.php(1089): CodeIgniter\View\View->render('admin/bussiness...', Array, true)
#4 /home/imah9gjvpbbj/public_html/app/Controllers/BussinessController.php(121): view('admin/bussiness...', Array)
#5 /home/imah9gjvpbbj/public_html/system/CodeIgniter.php(832): App\Controllers\BussinessController->edit('99c5e07b4d5de9d...')
#6 /home/imah9gjvpbbj/public_html/system/CodeIgniter.php(419): CodeIgniter\CodeIgniter->runController(Object(App\Controllers\BussinessController))
#7 /home/imah9gjvpbbj/public_html/system/CodeIgniter.php(326): CodeIgniter\CodeIgniter->handleRequest(NULL, Object(Config\Cache), false)
#8 /home/imah9gjvpbbj/public_html/index.php(39): CodeIgniter\CodeIgniter->run()
#9 {main}
CRITICAL - 2022-11-23 05:11:43 --> Call to undefined method App\Models\Bussinesses::all_nearby_location
#0 /home/imah9gjvpbbj/public_html/app/Controllers/UserController.php(88): CodeIgniter\Model->__call('all_nearby_loca...', Array)
#1 /home/imah9gjvpbbj/public_html/system/CodeIgniter.php(832): App\Controllers\UserController->add_bussiness()
#2 /home/imah9gjvpbbj/public_html/system/CodeIgniter.php(419): CodeIgniter\CodeIgniter->runController(Object(App\Controllers\UserController))
#3 /home/imah9gjvpbbj/public_html/system/CodeIgniter.php(326): CodeIgniter\CodeIgniter->handleRequest(NULL, Object(Config\Cache), false)
#4 /home/imah9gjvpbbj/public_html/index.php(39): CodeIgniter\CodeIgniter->run()
#5 {main}
CRITICAL - 2022-11-23 05:11:49 --> Call to undefined method App\Models\Bussinesses::all_nearby_location
#0 /home/imah9gjvpbbj/public_html/app/Controllers/BussinessController.php(139): CodeIgniter\Model->__call('all_nearby_loca...', Array)
#1 /home/imah9gjvpbbj/public_html/system/CodeIgniter.php(832): App\Controllers\BussinessController->pending_edit('99c5e07b4d5de9d...')
#2 /home/imah9gjvpbbj/public_html/system/CodeIgniter.php(419): CodeIgniter\CodeIgniter->runController(Object(App\Controllers\BussinessController))
#3 /home/imah9gjvpbbj/public_html/system/CodeIgniter.php(326): CodeIgniter\CodeIgniter->handleRequest(NULL, Object(Config\Cache), false)
#4 /home/imah9gjvpbbj/public_html/index.php(39): CodeIgniter\CodeIgniter->run()
#5 {main}
CRITICAL - 2022-11-23 05:13:11 --> Invalid argument supplied for foreach()
#0 /home/imah9gjvpbbj/public_html/app/Views/admin/bussiness/edit.php(87): CodeIgniter\Debug\Exceptions->errorHandler(2, 'Invalid argumen...', '/home/imah9gjvp...', 87, Array)
#1 /home/imah9gjvpbbj/public_html/system/View/View.php(210): include('/home/imah9gjvp...')
#2 /home/imah9gjvpbbj/public_html/system/View/View.php(213): CodeIgniter\View\View->CodeIgniter\View\{closure}()
#3 /home/imah9gjvpbbj/public_html/system/Common.php(1089): CodeIgniter\View\View->render('admin/bussiness...', Array, true)
#4 /home/imah9gjvpbbj/public_html/app/Controllers/BussinessController.php(147): view('admin/bussiness...', Array)
#5 /home/imah9gjvpbbj/public_html/system/CodeIgniter.php(832): App\Controllers\BussinessController->pending_edit('99c5e07b4d5de9d...')
#6 /home/imah9gjvpbbj/public_html/system/CodeIgniter.php(419): CodeIgniter\CodeIgniter->runController(Object(App\Controllers\BussinessController))
#7 /home/imah9gjvpbbj/public_html/system/CodeIgniter.php(326): CodeIgniter\CodeIgniter->handleRequest(NULL, Object(Config\Cache), false)
#8 /home/imah9gjvpbbj/public_html/index.php(39): CodeIgniter\CodeIgniter->run()
#9 {main}
