CRITICAL - 2023-01-13 05:07:30 --> Call to undefined method App\Models\UsersModel::edit_category
#0 /var/www/html/app/Controllers/SeoController.php(118): CodeIgniter\Model->__call('edit_category', Array)
#1 /var/www/html/system/CodeIgniter.php(832): App\Controllers\SeoController->edit_category('restaurants')
#2 /var/www/html/system/CodeIgniter.php(419): CodeIgniter\CodeIgniter->runController(Object(App\Controllers\SeoController))
#3 /var/www/html/system/CodeIgniter.php(326): CodeIgniter\CodeIgniter->handleRequest(NULL, Object(Config\Cache), false)
#4 /var/www/html/index.php(39): CodeIgniter\CodeIgniter->run()
#5 {main}
CRITICAL - 2023-01-13 05:09:40 --> Call to undefined method App\Models\UsersModel::edit_category
#0 /var/www/html/app/Controllers/SeoController.php(118): CodeIgniter\Model->__call('edit_category', Array)
#1 /var/www/html/system/CodeIgniter.php(832): App\Controllers\SeoController->edit_category('restaurants')
#2 /var/www/html/system/CodeIgniter.php(419): CodeIgniter\CodeIgniter->runController(Object(App\Controllers\SeoController))
#3 /var/www/html/system/CodeIgniter.php(326): CodeIgniter\CodeIgniter->handleRequest(NULL, Object(Config\Cache), false)
#4 /var/www/html/index.php(39): CodeIgniter\CodeIgniter->run()
#5 {main}
CRITICAL - 2023-01-13 05:09:48 --> Call to undefined method App\Models\UsersModel::edit_category
#0 /var/www/html/app/Controllers/SeoController.php(118): CodeIgniter\Model->__call('edit_category', Array)
#1 /var/www/html/system/CodeIgniter.php(832): App\Controllers\SeoController->edit_category('restaurants')
#2 /var/www/html/system/CodeIgniter.php(419): CodeIgniter\CodeIgniter->runController(Object(App\Controllers\SeoController))
#3 /var/www/html/system/CodeIgniter.php(326): CodeIgniter\CodeIgniter->handleRequest(NULL, Object(Config\Cache), false)
#4 /var/www/html/index.php(39): CodeIgniter\CodeIgniter->run()
#5 {main}
CRITICAL - 2023-01-13 05:09:59 --> Invalid file: seo/category/edit_category.php
#0 /var/www/html/system/View/View.php(198): CodeIgniter\Exceptions\FrameworkException::forInvalidFile('seo/category/ed...')
#1 /var/www/html/system/Common.php(1089): CodeIgniter\View\View->render('seo/category/ed...', Array, true)
#2 /var/www/html/app/Controllers/SeoController.php(119): view('seo/category/ed...', Array)
#3 /var/www/html/system/CodeIgniter.php(832): App\Controllers\SeoController->edit_category('restaurants')
#4 /var/www/html/system/CodeIgniter.php(419): CodeIgniter\CodeIgniter->runController(Object(App\Controllers\SeoController))
#5 /var/www/html/system/CodeIgniter.php(326): CodeIgniter\CodeIgniter->handleRequest(NULL, Object(Config\Cache), false)
#6 /var/www/html/index.php(39): CodeIgniter\CodeIgniter->run()
#7 {main}
CRITICAL - 2023-01-13 05:13:41 --> Invalid file: seo/category/edit_category.php
#0 /var/www/html/system/View/View.php(198): CodeIgniter\Exceptions\FrameworkException::forInvalidFile('seo/category/ed...')
#1 /var/www/html/system/Common.php(1089): CodeIgniter\View\View->render('seo/category/ed...', Array, true)
#2 /var/www/html/app/Controllers/SeoController.php(119): view('seo/category/ed...', Array)
#3 /var/www/html/system/CodeIgniter.php(832): App\Controllers\SeoController->edit_category('restaurants')
#4 /var/www/html/system/CodeIgniter.php(419): CodeIgniter\CodeIgniter->runController(Object(App\Controllers\SeoController))
#5 /var/www/html/system/CodeIgniter.php(326): CodeIgniter\CodeIgniter->handleRequest(NULL, Object(Config\Cache), false)
#6 /var/www/html/index.php(39): CodeIgniter\CodeIgniter->run()
#7 {main}
CRITICAL - 2023-01-13 05:13:49 --> Invalid file: seo/category/edit_category.php
#0 /var/www/html/system/View/View.php(198): CodeIgniter\Exceptions\FrameworkException::forInvalidFile('seo/category/ed...')
#1 /var/www/html/system/Common.php(1089): CodeIgniter\View\View->render('seo/category/ed...', Array, true)
#2 /var/www/html/app/Controllers/SeoController.php(119): view('seo/category/ed...', Array)
#3 /var/www/html/system/CodeIgniter.php(832): App\Controllers\SeoController->edit_category('restaurants')
#4 /var/www/html/system/CodeIgniter.php(419): CodeIgniter\CodeIgniter->runController(Object(App\Controllers\SeoController))
#5 /var/www/html/system/CodeIgniter.php(326): CodeIgniter\CodeIgniter->handleRequest(NULL, Object(Config\Cache), false)
#6 /var/www/html/index.php(39): CodeIgniter\CodeIgniter->run()
#7 {main}
