CRITICAL - 2023-01-07 00:05:25 --> Argument 2 passed to CodeIgniter\Database\BaseBuilder::like() must be of the type string, null given, called in /var/www/html/app/Models/SubCategoryModel.php on line 96
#0 /var/www/html/app/Models/SubCategoryModel.php(96): CodeIgniter\Database\BaseBuilder->like('sub_category_ke...', NULL)
#1 /var/www/html/app/Controllers/HomeController.php(746): App\Models\SubCategoryModel->find_keywords_test(Array, NULL)
#2 /var/www/html/system/CodeIgniter.php(832): App\Controllers\HomeController->search_query_load_more()
#3 /var/www/html/system/CodeIgniter.php(419): CodeIgniter\CodeIgniter->runController(Object(App\Controllers\HomeController))
#4 /var/www/html/system/CodeIgniter.php(326): CodeIgniter\CodeIgniter->handleRequest(NULL, Object(Config\Cache), false)
#5 /var/www/html/index.php(39): CodeIgniter\CodeIgniter->run()
#6 {main}
CRITICAL - 2023-01-07 00:06:55 --> Argument 2 passed to CodeIgniter\Database\BaseBuilder::like() must be of the type string, null given, called in /var/www/html/app/Models/SubCategoryModel.php on line 96
#0 /var/www/html/app/Models/SubCategoryModel.php(96): CodeIgniter\Database\BaseBuilder->like('sub_category_ke...', NULL)
#1 /var/www/html/app/Controllers/HomeController.php(746): App\Models\SubCategoryModel->find_keywords_test(Array, NULL)
#2 /var/www/html/system/CodeIgniter.php(832): App\Controllers\HomeController->search_query_load_more()
#3 /var/www/html/system/CodeIgniter.php(419): CodeIgniter\CodeIgniter->runController(Object(App\Controllers\HomeController))
#4 /var/www/html/system/CodeIgniter.php(326): CodeIgniter\CodeIgniter->handleRequest(NULL, Object(Config\Cache), false)
#5 /var/www/html/index.php(39): CodeIgniter\CodeIgniter->run()
#6 {main}
CRITICAL - 2023-01-07 00:10:17 --> Argument 2 passed to CodeIgniter\Database\BaseBuilder::like() must be of the type string, null given, called in /var/www/html/app/Models/SubCategoryModel.php on line 96
#0 /var/www/html/app/Models/SubCategoryModel.php(96): CodeIgniter\Database\BaseBuilder->like('sub_category_ke...', NULL)
#1 /var/www/html/app/Controllers/HomeController.php(746): App\Models\SubCategoryModel->find_keywords_test(Array, NULL)
#2 /var/www/html/system/CodeIgniter.php(832): App\Controllers\HomeController->search_query_load_more()
#3 /var/www/html/system/CodeIgniter.php(419): CodeIgniter\CodeIgniter->runController(Object(App\Controllers\HomeController))
#4 /var/www/html/system/CodeIgniter.php(326): CodeIgniter\CodeIgniter->handleRequest(NULL, Object(Config\Cache), false)
#5 /var/www/html/index.php(39): CodeIgniter\CodeIgniter->run()
#6 {main}
CRITICAL - 2023-01-07 00:14:32 --> Argument 2 passed to CodeIgniter\Database\BaseBuilder::like() must be of the type string, null given, called in /var/www/html/app/Models/SubCategoryModel.php on line 96
#0 /var/www/html/app/Models/SubCategoryModel.php(96): CodeIgniter\Database\BaseBuilder->like('sub_category_ke...', NULL)
#1 /var/www/html/app/Controllers/HomeController.php(747): App\Models\SubCategoryModel->find_keywords_test(Array, NULL)
#2 /var/www/html/system/CodeIgniter.php(832): App\Controllers\HomeController->search_query_load_more()
#3 /var/www/html/system/CodeIgniter.php(419): CodeIgniter\CodeIgniter->runController(Object(App\Controllers\HomeController))
#4 /var/www/html/system/CodeIgniter.php(326): CodeIgniter\CodeIgniter->handleRequest(NULL, Object(Config\Cache), false)
#5 /var/www/html/index.php(39): CodeIgniter\CodeIgniter->run()
#6 {main}
