CRITICAL - 2023-01-24 00:20:48 --> syntax error, unexpected ''</td>' (T_ENCAPSED_AND_WHITESPACE)
#0 /var/www/html/system/Autoloader/Autoloader.php(241): CodeIgniter\Autoloader\Autoloader->includeFile('/var/www/html/a...')
#1 /var/www/html/system/Autoloader/Autoloader.php(219): CodeIgniter\Autoloader\Autoloader->loadInNamespace('App\\Controllers...')
#2 [internal function]: CodeIgniter\Autoloader\Autoloader->loadClass('App\\Controllers...')
#3 [internal function]: spl_autoload_call('App\\Controllers...')
#4 /var/www/html/system/CodeIgniter.php(797): class_exists('\\App\\Controller...', true)
#5 /var/www/html/system/CodeIgniter.php(406): CodeIgniter\CodeIgniter->startController()
#6 /var/www/html/system/CodeIgniter.php(326): CodeIgniter\CodeIgniter->handleRequest(NULL, Object(Config\Cache), false)
#7 /var/www/html/index.php(39): CodeIgniter\CodeIgniter->run()
#8 {main}
CRITICAL - 2023-01-24 00:22:58 --> Class 'App\Controllers\AppSettingsModel' not found
#0 /var/www/html/system/CodeIgniter.php(832): App\Controllers\HomeController->index()
#1 /var/www/html/system/CodeIgniter.php(419): CodeIgniter\CodeIgniter->runController(Object(App\Controllers\HomeController))
#2 /var/www/html/system/CodeIgniter.php(326): CodeIgniter\CodeIgniter->handleRequest(NULL, Object(Config\Cache), false)
#3 /var/www/html/index.php(39): CodeIgniter\CodeIgniter->run()
#4 {main}
CRITICAL - 2023-01-24 00:23:00 --> Class 'App\Controllers\AppSettingsModel' not found
#0 /var/www/html/system/CodeIgniter.php(832): App\Controllers\HomeController->index()
#1 /var/www/html/system/CodeIgniter.php(419): CodeIgniter\CodeIgniter->runController(Object(App\Controllers\HomeController))
#2 /var/www/html/system/CodeIgniter.php(326): CodeIgniter\CodeIgniter->handleRequest(NULL, Object(Config\Cache), false)
#3 /var/www/html/index.php(39): CodeIgniter\CodeIgniter->run()
#4 {main}
CRITICAL - 2023-01-24 00:23:11 --> syntax error, unexpected ''<!DOCTYPE html>' (T_ENCAPSED_AND_WHITESPACE)
#0 /var/www/html/system/Autoloader/Autoloader.php(241): CodeIgniter\Autoloader\Autoloader->includeFile('/var/www/html/a...')
#1 /var/www/html/system/Autoloader/Autoloader.php(219): CodeIgniter\Autoloader\Autoloader->loadInNamespace('App\\Controllers...')
#2 [internal function]: CodeIgniter\Autoloader\Autoloader->loadClass('App\\Controllers...')
#3 [internal function]: spl_autoload_call('App\\Controllers...')
#4 /var/www/html/system/CodeIgniter.php(797): class_exists('\\App\\Controller...', true)
#5 /var/www/html/system/CodeIgniter.php(406): CodeIgniter\CodeIgniter->startController()
#6 /var/www/html/system/CodeIgniter.php(326): CodeIgniter\CodeIgniter->handleRequest(NULL, Object(Config\Cache), false)
#7 /var/www/html/index.php(39): CodeIgniter\CodeIgniter->run()
#8 {main}
