CRITICAL - 2022-12-17 01:13:13 --> syntax error, unexpected 'business' (T_STRING)
#0 /var/www/html/system/Autoloader/Autoloader.php(241): CodeIgniter\Autoloader\Autoloader->includeFile('/var/www/html/a...')
#1 /var/www/html/system/Autoloader/Autoloader.php(219): CodeIgniter\Autoloader\Autoloader->loadInNamespace('App\\Models\\Buss...')
#2 [internal function]: CodeIgniter\Autoloader\Autoloader->loadClass('App\\Models\\Buss...')
#3 /var/www/html/app/Controllers/HomeController.php(26): spl_autoload_call('App\\Models\\Buss...')
#4 /var/www/html/system/CodeIgniter.php(832): App\Controllers\HomeController->index()
#5 /var/www/html/system/CodeIgniter.php(419): CodeIgniter\CodeIgniter->runController(Object(App\Controllers\HomeController))
#6 /var/www/html/system/CodeIgniter.php(326): CodeIgniter\CodeIgniter->handleRequest(NULL, Object(Config\Cache), false)
#7 /var/www/html/index.php(39): CodeIgniter\CodeIgniter->run()
#8 {main}
ERROR - 2022-12-17 01:13:54 --> Table 'dubailocal.users_jobs' doesn't exist
CRITICAL - 2022-12-17 02:28:03 --> Call to undefined function int()
#0 /var/www/html/system/View/View.php(210): include()
#1 /var/www/html/system/View/View.php(213): CodeIgniter\View\View->CodeIgniter\View\{closure}()
#2 /var/www/html/system/Common.php(1089): CodeIgniter\View\View->render('home/template/h...', Array, true)
#3 /var/www/html/app/Views/home/dubai-explore.php(1): view('home/template/h...')
#4 /var/www/html/system/View/View.php(210): include('/var/www/html/a...')
#5 /var/www/html/system/View/View.php(213): CodeIgniter\View\View->CodeIgniter\View\{closure}()
#6 /var/www/html/system/Common.php(1089): CodeIgniter\View\View->render('home/dubai-expl...', Array, true)
#7 /var/www/html/app/Controllers/HomeController.php(206): view('home/dubai-expl...', Array)
#8 /var/www/html/system/CodeIgniter.php(832): App\Controllers\HomeController->dubai_explore()
#9 /var/www/html/system/CodeIgniter.php(419): CodeIgniter\CodeIgniter->runController(Object(App\Controllers\HomeController))
#10 /var/www/html/system/CodeIgniter.php(326): CodeIgniter\CodeIgniter->handleRequest(NULL, Object(Config\Cache), false)
#11 /var/www/html/index.php(39): CodeIgniter\CodeIgniter->run()
#12 {main}
ERROR - 2022-12-17 02:47:21 --> Duplicate column name 'id'
ERROR - 2022-12-17 03:02:45 --> Duplicate column name 'id'
ERROR - 2022-12-17 03:05:00 --> Duplicate column name 'id'
ERROR - 2022-12-17 03:06:19 --> Duplicate column name 'id'
ERROR - 2022-12-17 03:06:31 --> Duplicate column name 'id'
ERROR - 2022-12-17 03:06:44 --> Duplicate column name 'id'
ERROR - 2022-12-17 03:07:22 --> Duplicate column name 'id'
ERROR - 2022-12-17 03:07:26 --> Duplicate column name 'id'
ERROR - 2022-12-17 03:11:42 --> Duplicate column name 'id'
ERROR - 2022-12-17 03:13:36 --> Duplicate column name 'id'
ERROR - 2022-12-17 06:33:22 --> Duplicate column name 'id'
ERROR - 2022-12-17 06:33:52 --> Duplicate column name 'id'
