CRITICAL - 2022-12-05 03:59:24 --> Object of class stdClass could not be converted to string
#0 /home/imah9gjvpbbj/public_html/dubailocaldev.xportsoft-folio.com/system/CodeIgniter.php(832): App\Controllers\HomeController->index()
#1 /home/imah9gjvpbbj/public_html/dubailocaldev.xportsoft-folio.com/system/CodeIgniter.php(419): CodeIgniter\CodeIgniter->runController(Object(App\Controllers\HomeController))
#2 /home/imah9gjvpbbj/public_html/dubailocaldev.xportsoft-folio.com/system/CodeIgniter.php(326): CodeIgniter\CodeIgniter->handleRequest(NULL, Object(Config\Cache), false)
#3 /home/imah9gjvpbbj/public_html/dubailocaldev.xportsoft-folio.com/index.php(39): CodeIgniter\CodeIgniter->run()
#4 {main}
CRITICAL - 2022-12-05 04:03:32 --> Illegal string offset 'coord'
#0 /home/imah9gjvpbbj/public_html/dubailocaldev.xportsoft-folio.com/app/Controllers/HomeController.php(68): CodeIgniter\Debug\Exceptions->errorHandler(2, 'Illegal string ...', '/home/imah9gjvp...', 68, Array)
#1 /home/imah9gjvpbbj/public_html/dubailocaldev.xportsoft-folio.com/system/CodeIgniter.php(832): App\Controllers\HomeController->index()
#2 /home/imah9gjvpbbj/public_html/dubailocaldev.xportsoft-folio.com/system/CodeIgniter.php(419): CodeIgniter\CodeIgniter->runController(Object(App\Controllers\HomeController))
#3 /home/imah9gjvpbbj/public_html/dubailocaldev.xportsoft-folio.com/system/CodeIgniter.php(326): CodeIgniter\CodeIgniter->handleRequest(NULL, Object(Config\Cache), false)
#4 /home/imah9gjvpbbj/public_html/dubailocaldev.xportsoft-folio.com/index.php(39): CodeIgniter\CodeIgniter->run()
#5 {main}
CRITICAL - 2022-12-05 04:03:33 --> Illegal string offset 'coord'
#0 /home/imah9gjvpbbj/public_html/dubailocaldev.xportsoft-folio.com/app/Controllers/HomeController.php(68): CodeIgniter\Debug\Exceptions->errorHandler(2, 'Illegal string ...', '/home/imah9gjvp...', 68, Array)
#1 /home/imah9gjvpbbj/public_html/dubailocaldev.xportsoft-folio.com/system/CodeIgniter.php(832): App\Controllers\HomeController->index()
#2 /home/imah9gjvpbbj/public_html/dubailocaldev.xportsoft-folio.com/system/CodeIgniter.php(419): CodeIgniter\CodeIgniter->runController(Object(App\Controllers\HomeController))
#3 /home/imah9gjvpbbj/public_html/dubailocaldev.xportsoft-folio.com/system/CodeIgniter.php(326): CodeIgniter\CodeIgniter->handleRequest(NULL, Object(Config\Cache), false)
#4 /home/imah9gjvpbbj/public_html/dubailocaldev.xportsoft-folio.com/index.php(39): CodeIgniter\CodeIgniter->run()
#5 {main}
CRITICAL - 2022-12-05 04:05:38 --> json_decode() expects parameter 1 to be string, object given
#0 [internal function]: CodeIgniter\Debug\Exceptions->errorHandler(2, 'json_decode() e...', '/home/imah9gjvp...', 69, Array)
#1 /home/imah9gjvpbbj/public_html/dubailocaldev.xportsoft-folio.com/app/Controllers/HomeController.php(69): json_decode(Object(stdClass))
#2 /home/imah9gjvpbbj/public_html/dubailocaldev.xportsoft-folio.com/system/CodeIgniter.php(832): App\Controllers\HomeController->index()
#3 /home/imah9gjvpbbj/public_html/dubailocaldev.xportsoft-folio.com/system/CodeIgniter.php(419): CodeIgniter\CodeIgniter->runController(Object(App\Controllers\HomeController))
#4 /home/imah9gjvpbbj/public_html/dubailocaldev.xportsoft-folio.com/system/CodeIgniter.php(326): CodeIgniter\CodeIgniter->handleRequest(NULL, Object(Config\Cache), false)
#5 /home/imah9gjvpbbj/public_html/dubailocaldev.xportsoft-folio.com/index.php(39): CodeIgniter\CodeIgniter->run()
#6 {main}
CRITICAL - 2022-12-05 04:06:41 --> Illegal string offset 'main'
#0 /home/imah9gjvpbbj/public_html/dubailocaldev.xportsoft-folio.com/app/Controllers/HomeController.php(69): CodeIgniter\Debug\Exceptions->errorHandler(2, 'Illegal string ...', '/home/imah9gjvp...', 69, Array)
#1 /home/imah9gjvpbbj/public_html/dubailocaldev.xportsoft-folio.com/system/CodeIgniter.php(832): App\Controllers\HomeController->index()
#2 /home/imah9gjvpbbj/public_html/dubailocaldev.xportsoft-folio.com/system/CodeIgniter.php(419): CodeIgniter\CodeIgniter->runController(Object(App\Controllers\HomeController))
#3 /home/imah9gjvpbbj/public_html/dubailocaldev.xportsoft-folio.com/system/CodeIgniter.php(326): CodeIgniter\CodeIgniter->handleRequest(NULL, Object(Config\Cache), false)
#4 /home/imah9gjvpbbj/public_html/dubailocaldev.xportsoft-folio.com/index.php(39): CodeIgniter\CodeIgniter->run()
#5 {main}
CRITICAL - 2022-12-05 04:06:57 --> Illegal string offset 'coord'
#0 /home/imah9gjvpbbj/public_html/dubailocaldev.xportsoft-folio.com/app/Controllers/HomeController.php(69): CodeIgniter\Debug\Exceptions->errorHandler(2, 'Illegal string ...', '/home/imah9gjvp...', 69, Array)
#1 /home/imah9gjvpbbj/public_html/dubailocaldev.xportsoft-folio.com/system/CodeIgniter.php(832): App\Controllers\HomeController->index()
#2 /home/imah9gjvpbbj/public_html/dubailocaldev.xportsoft-folio.com/system/CodeIgniter.php(419): CodeIgniter\CodeIgniter->runController(Object(App\Controllers\HomeController))
#3 /home/imah9gjvpbbj/public_html/dubailocaldev.xportsoft-folio.com/system/CodeIgniter.php(326): CodeIgniter\CodeIgniter->handleRequest(NULL, Object(Config\Cache), false)
#4 /home/imah9gjvpbbj/public_html/dubailocaldev.xportsoft-folio.com/index.php(39): CodeIgniter\CodeIgniter->run()
#5 {main}
CRITICAL - 2022-12-05 04:08:17 --> Illegal string offset 'coord'
#0 /home/imah9gjvpbbj/public_html/dubailocaldev.xportsoft-folio.com/app/Controllers/HomeController.php(69): CodeIgniter\Debug\Exceptions->errorHandler(2, 'Illegal string ...', '/home/imah9gjvp...', 69, Array)
#1 /home/imah9gjvpbbj/public_html/dubailocaldev.xportsoft-folio.com/system/CodeIgniter.php(832): App\Controllers\HomeController->index()
#2 /home/imah9gjvpbbj/public_html/dubailocaldev.xportsoft-folio.com/system/CodeIgniter.php(419): CodeIgniter\CodeIgniter->runController(Object(App\Controllers\HomeController))
#3 /home/imah9gjvpbbj/public_html/dubailocaldev.xportsoft-folio.com/system/CodeIgniter.php(326): CodeIgniter\CodeIgniter->handleRequest(NULL, Object(Config\Cache), false)
#4 /home/imah9gjvpbbj/public_html/dubailocaldev.xportsoft-folio.com/index.php(39): CodeIgniter\CodeIgniter->run()
#5 {main}
CRITICAL - 2022-12-05 04:11:19 --> json_decode() expects parameter 1 to be string, array given
#0 [internal function]: CodeIgniter\Debug\Exceptions->errorHandler(2, 'json_decode() e...', '/home/imah9gjvp...', 67, Array)
#1 /home/imah9gjvpbbj/public_html/dubailocaldev.xportsoft-folio.com/app/Controllers/HomeController.php(67): json_decode(Array)
#2 /home/imah9gjvpbbj/public_html/dubailocaldev.xportsoft-folio.com/system/CodeIgniter.php(832): App\Controllers\HomeController->index()
#3 /home/imah9gjvpbbj/public_html/dubailocaldev.xportsoft-folio.com/system/CodeIgniter.php(419): CodeIgniter\CodeIgniter->runController(Object(App\Controllers\HomeController))
#4 /home/imah9gjvpbbj/public_html/dubailocaldev.xportsoft-folio.com/system/CodeIgniter.php(326): CodeIgniter\CodeIgniter->handleRequest(NULL, Object(Config\Cache), false)
#5 /home/imah9gjvpbbj/public_html/dubailocaldev.xportsoft-folio.com/index.php(39): CodeIgniter\CodeIgniter->run()
#6 {main}
CRITICAL - 2022-12-05 04:11:52 --> Illegal string offset 'coord'
#0 /home/imah9gjvpbbj/public_html/dubailocaldev.xportsoft-folio.com/app/Controllers/HomeController.php(67): CodeIgniter\Debug\Exceptions->errorHandler(2, 'Illegal string ...', '/home/imah9gjvp...', 67, Array)
#1 /home/imah9gjvpbbj/public_html/dubailocaldev.xportsoft-folio.com/system/CodeIgniter.php(832): App\Controllers\HomeController->index()
#2 /home/imah9gjvpbbj/public_html/dubailocaldev.xportsoft-folio.com/system/CodeIgniter.php(419): CodeIgniter\CodeIgniter->runController(Object(App\Controllers\HomeController))
#3 /home/imah9gjvpbbj/public_html/dubailocaldev.xportsoft-folio.com/system/CodeIgniter.php(326): CodeIgniter\CodeIgniter->handleRequest(NULL, Object(Config\Cache), false)
#4 /home/imah9gjvpbbj/public_html/dubailocaldev.xportsoft-folio.com/index.php(39): CodeIgniter\CodeIgniter->run()
#5 {main}
CRITICAL - 2022-12-05 04:13:00 --> Illegal string offset 'weather'
#0 /home/imah9gjvpbbj/public_html/dubailocaldev.xportsoft-folio.com/app/Controllers/HomeController.php(67): CodeIgniter\Debug\Exceptions->errorHandler(2, 'Illegal string ...', '/home/imah9gjvp...', 67, Array)
#1 /home/imah9gjvpbbj/public_html/dubailocaldev.xportsoft-folio.com/system/CodeIgniter.php(832): App\Controllers\HomeController->index()
#2 /home/imah9gjvpbbj/public_html/dubailocaldev.xportsoft-folio.com/system/CodeIgniter.php(419): CodeIgniter\CodeIgniter->runController(Object(App\Controllers\HomeController))
#3 /home/imah9gjvpbbj/public_html/dubailocaldev.xportsoft-folio.com/system/CodeIgniter.php(326): CodeIgniter\CodeIgniter->handleRequest(NULL, Object(Config\Cache), false)
#4 /home/imah9gjvpbbj/public_html/dubailocaldev.xportsoft-folio.com/index.php(39): CodeIgniter\CodeIgniter->run()
#5 {main}
CRITICAL - 2022-12-05 04:15:24 --> Illegal string offset 'main'
#0 /home/imah9gjvpbbj/public_html/dubailocaldev.xportsoft-folio.com/app/Controllers/HomeController.php(67): CodeIgniter\Debug\Exceptions->errorHandler(2, 'Illegal string ...', '/home/imah9gjvp...', 67, Array)
#1 /home/imah9gjvpbbj/public_html/dubailocaldev.xportsoft-folio.com/system/CodeIgniter.php(832): App\Controllers\HomeController->index()
#2 /home/imah9gjvpbbj/public_html/dubailocaldev.xportsoft-folio.com/system/CodeIgniter.php(419): CodeIgniter\CodeIgniter->runController(Object(App\Controllers\HomeController))
#3 /home/imah9gjvpbbj/public_html/dubailocaldev.xportsoft-folio.com/system/CodeIgniter.php(326): CodeIgniter\CodeIgniter->handleRequest(NULL, Object(Config\Cache), false)
#4 /home/imah9gjvpbbj/public_html/dubailocaldev.xportsoft-folio.com/index.php(39): CodeIgniter\CodeIgniter->run()
#5 {main}
CRITICAL - 2022-12-05 04:59:01 --> Class 'App\Controllers\DateTime' not found
#0 /home/imah9gjvpbbj/public_html/dubailocaldev.xportsoft-folio.com/system/CodeIgniter.php(832): App\Controllers\HomeController->index()
#1 /home/imah9gjvpbbj/public_html/dubailocaldev.xportsoft-folio.com/system/CodeIgniter.php(419): CodeIgniter\CodeIgniter->runController(Object(App\Controllers\HomeController))
#2 /home/imah9gjvpbbj/public_html/dubailocaldev.xportsoft-folio.com/system/CodeIgniter.php(326): CodeIgniter\CodeIgniter->handleRequest(NULL, Object(Config\Cache), false)
#3 /home/imah9gjvpbbj/public_html/dubailocaldev.xportsoft-folio.com/index.php(39): CodeIgniter\CodeIgniter->run()
#4 {main}
CRITICAL - 2022-12-05 05:01:05 --> Class 'App\Controllers\Time' not found
#0 /home/imah9gjvpbbj/public_html/dubailocaldev.xportsoft-folio.com/system/CodeIgniter.php(832): App\Controllers\HomeController->index()
#1 /home/imah9gjvpbbj/public_html/dubailocaldev.xportsoft-folio.com/system/CodeIgniter.php(419): CodeIgniter\CodeIgniter->runController(Object(App\Controllers\HomeController))
#2 /home/imah9gjvpbbj/public_html/dubailocaldev.xportsoft-folio.com/system/CodeIgniter.php(326): CodeIgniter\CodeIgniter->handleRequest(NULL, Object(Config\Cache), false)
#3 /home/imah9gjvpbbj/public_html/dubailocaldev.xportsoft-folio.com/index.php(39): CodeIgniter\CodeIgniter->run()
#4 {main}
CRITICAL - 2022-12-05 05:10:18 --> simplexml_load_string(): Entity: line 1: parser error : Start tag expected, '&lt;' not found
#0 [internal function]: CodeIgniter\Debug\Exceptions->errorHandler(2, 'simplexml_load_...', '/home/imah9gjvp...', 73, Array)
#1 /home/imah9gjvpbbj/public_html/dubailocaldev.xportsoft-folio.com/app/Controllers/HomeController.php(73): simplexml_load_string('https://api.ope...', 'SimpleXMLElemen...', 16384)
#2 /home/imah9gjvpbbj/public_html/dubailocaldev.xportsoft-folio.com/system/CodeIgniter.php(832): App\Controllers\HomeController->index()
#3 /home/imah9gjvpbbj/public_html/dubailocaldev.xportsoft-folio.com/system/CodeIgniter.php(419): CodeIgniter\CodeIgniter->runController(Object(App\Controllers\HomeController))
#4 /home/imah9gjvpbbj/public_html/dubailocaldev.xportsoft-folio.com/system/CodeIgniter.php(326): CodeIgniter\CodeIgniter->handleRequest(NULL, Object(Config\Cache), false)
#5 /home/imah9gjvpbbj/public_html/dubailocaldev.xportsoft-folio.com/index.php(39): CodeIgniter\CodeIgniter->run()
#6 {main}
CRITICAL - 2022-12-05 05:11:23 --> simplexml_load_string(): Entity: line 1: parser error : Start tag expected, '&lt;' not found
#0 [internal function]: CodeIgniter\Debug\Exceptions->errorHandler(2, 'simplexml_load_...', '/home/imah9gjvp...', 73, Array)
#1 /home/imah9gjvpbbj/public_html/dubailocaldev.xportsoft-folio.com/app/Controllers/HomeController.php(73): simplexml_load_string('https://api.ope...')
#2 /home/imah9gjvpbbj/public_html/dubailocaldev.xportsoft-folio.com/system/CodeIgniter.php(832): App\Controllers\HomeController->index()
#3 /home/imah9gjvpbbj/public_html/dubailocaldev.xportsoft-folio.com/system/CodeIgniter.php(419): CodeIgniter\CodeIgniter->runController(Object(App\Controllers\HomeController))
#4 /home/imah9gjvpbbj/public_html/dubailocaldev.xportsoft-folio.com/system/CodeIgniter.php(326): CodeIgniter\CodeIgniter->handleRequest(NULL, Object(Config\Cache), false)
#5 /home/imah9gjvpbbj/public_html/dubailocaldev.xportsoft-folio.com/index.php(39): CodeIgniter\CodeIgniter->run()
#6 {main}
