CRITICAL - 2023-01-05 04:47:14 --> date_format() expects parameter 1 to be DateTimeInterface, bool given
#0 [internal function]: CodeIgniter\Debug\Exceptions->errorHandler(2, 'date_format() e...', '/var/www/html/a...', 247, Array)
#1 /var/www/html/app/Controllers/AdminController.php(247): date_format(false, 'Y-m-d')
#2 /var/www/html/app/Controllers/AdminController.php(257): App\Controllers\convert_date_timings('Thu Jan 05 2023...')
#3 /var/www/html/system/CodeIgniter.php(832): App\Controllers\AdminController->sub_category_business()
#4 /var/www/html/system/CodeIgniter.php(419): CodeIgniter\CodeIgniter->runController(Object(App\Controllers\AdminController))
#5 /var/www/html/system/CodeIgniter.php(326): CodeIgniter\CodeIgniter->handleRequest(NULL, Object(Config\Cache), false)
#6 /var/www/html/index.php(39): CodeIgniter\CodeIgniter->run()
#7 {main}
CRITICAL - 2023-01-05 04:47:47 --> date_format() expects parameter 1 to be DateTimeInterface, bool given
#0 [internal function]: CodeIgniter\Debug\Exceptions->errorHandler(2, 'date_format() e...', '/var/www/html/a...', 247, Array)
#1 /var/www/html/app/Controllers/AdminController.php(247): date_format(false, 'Y-m-d')
#2 /var/www/html/app/Controllers/AdminController.php(257): App\Controllers\convert_date_timings('Tue Jan 31 2023...')
#3 /var/www/html/system/CodeIgniter.php(832): App\Controllers\AdminController->sub_category_business()
#4 /var/www/html/system/CodeIgniter.php(419): CodeIgniter\CodeIgniter->runController(Object(App\Controllers\AdminController))
#5 /var/www/html/system/CodeIgniter.php(326): CodeIgniter\CodeIgniter->handleRequest(NULL, Object(Config\Cache), false)
#6 /var/www/html/index.php(39): CodeIgniter\CodeIgniter->run()
#7 {main}
CRITICAL - 2023-01-05 04:48:40 --> date_format() expects parameter 1 to be DateTimeInterface, bool given
#0 [internal function]: CodeIgniter\Debug\Exceptions->errorHandler(2, 'date_format() e...', '/var/www/html/a...', 247, Array)
#1 /var/www/html/app/Controllers/AdminController.php(247): date_format(false, 'Y-m-d')
#2 /var/www/html/app/Controllers/AdminController.php(257): App\Controllers\convert_date_timings('Tue Jan 31 2023...')
#3 /var/www/html/system/CodeIgniter.php(832): App\Controllers\AdminController->sub_category_business()
#4 /var/www/html/system/CodeIgniter.php(419): CodeIgniter\CodeIgniter->runController(Object(App\Controllers\AdminController))
#5 /var/www/html/system/CodeIgniter.php(326): CodeIgniter\CodeIgniter->handleRequest(NULL, Object(Config\Cache), false)
#6 /var/www/html/index.php(39): CodeIgniter\CodeIgniter->run()
#7 {main}
CRITICAL - 2023-01-05 04:49:26 --> date_format() expects parameter 1 to be DateTimeInterface, bool given
#0 [internal function]: CodeIgniter\Debug\Exceptions->errorHandler(2, 'date_format() e...', '/var/www/html/a...', 247, Array)
#1 /var/www/html/app/Controllers/AdminController.php(247): date_format(false, 'h:i A ')
#2 /var/www/html/app/Controllers/AdminController.php(257): App\Controllers\convert_date_timings('Tue Jan 31 2023...')
#3 /var/www/html/system/CodeIgniter.php(832): App\Controllers\AdminController->sub_category_business()
#4 /var/www/html/system/CodeIgniter.php(419): CodeIgniter\CodeIgniter->runController(Object(App\Controllers\AdminController))
#5 /var/www/html/system/CodeIgniter.php(326): CodeIgniter\CodeIgniter->handleRequest(NULL, Object(Config\Cache), false)
#6 /var/www/html/index.php(39): CodeIgniter\CodeIgniter->run()
#7 {main}
CRITICAL - 2023-01-05 04:51:22 --> date_format() expects parameter 1 to be DateTimeInterface, bool given
#0 [internal function]: CodeIgniter\Debug\Exceptions->errorHandler(2, 'date_format() e...', '/var/www/html/a...', 247, Array)
#1 /var/www/html/app/Controllers/AdminController.php(247): date_format(false, 'Y-m-d')
#2 /var/www/html/app/Controllers/AdminController.php(257): App\Controllers\convert_date_timings('Mon Jan 23 2023...')
#3 /var/www/html/system/CodeIgniter.php(832): App\Controllers\AdminController->sub_category_business()
#4 /var/www/html/system/CodeIgniter.php(419): CodeIgniter\CodeIgniter->runController(Object(App\Controllers\AdminController))
#5 /var/www/html/system/CodeIgniter.php(326): CodeIgniter\CodeIgniter->handleRequest(NULL, Object(Config\Cache), false)
#6 /var/www/html/index.php(39): CodeIgniter\CodeIgniter->run()
#7 {main}
CRITICAL - 2023-01-05 04:52:28 --> date_format() expects parameter 1 to be DateTimeInterface, bool given
#0 [internal function]: CodeIgniter\Debug\Exceptions->errorHandler(2, 'date_format() e...', '/var/www/html/a...', 247, Array)
#1 /var/www/html/app/Controllers/AdminController.php(247): date_format(false, 'Y-m-d')
#2 /var/www/html/app/Controllers/AdminController.php(257): App\Controllers\convert_date_timings('Tue Jan 31 2023...')
#3 /var/www/html/system/CodeIgniter.php(832): App\Controllers\AdminController->sub_category_business()
#4 /var/www/html/system/CodeIgniter.php(419): CodeIgniter\CodeIgniter->runController(Object(App\Controllers\AdminController))
#5 /var/www/html/system/CodeIgniter.php(326): CodeIgniter\CodeIgniter->handleRequest(NULL, Object(Config\Cache), false)
#6 /var/www/html/index.php(39): CodeIgniter\CodeIgniter->run()
#7 {main}
ERROR - 2023-01-05 06:07:31 --> Duplicate column name 'id'
ERROR - 2023-01-05 06:07:38 --> Duplicate column name 'id'
ERROR - 2023-01-05 23:29:26 --> Duplicate column name 'id'
ERROR - 2023-01-05 23:31:07 --> Duplicate column name 'id'
ERROR - 2023-01-05 23:35:56 --> Duplicate column name 'id'
ERROR - 2023-01-05 23:38:45 --> Duplicate column name 'id'
ERROR - 2023-01-05 23:41:06 --> Duplicate column name 'id'
ERROR - 2023-01-05 23:41:42 --> Duplicate column name 'id'
ERROR - 2023-01-05 23:42:22 --> Duplicate column name 'id'
ERROR - 2023-01-05 23:55:56 --> Duplicate column name 'id'
