ERROR - 2023-01-06 00:01:04 --> Duplicate column name 'id'
ERROR - 2023-01-06 00:11:49 --> Duplicate column name 'id'
ERROR - 2023-01-06 00:12:31 --> Unknown table 'business_detail'
CRITICAL - 2023-01-06 00:12:31 --> Call to a member function getResult() on bool
#0 /var/www/html/system/BaseModel.php(584): CodeIgniter\Model->doFindAll(21, 0)
#1 /var/www/html/system/BaseModel.php(1088): CodeIgniter\BaseModel->findAll(21, 0)
#2 /var/www/html/app/Controllers/HomeController.php(340): CodeIgniter\BaseModel->paginate(21)
#3 /var/www/html/system/CodeIgniter.php(832): App\Controllers\HomeController->business_listings_subcategory('asian')
#4 /var/www/html/system/CodeIgniter.php(419): CodeIgniter\CodeIgniter->runController(Object(App\Controllers\HomeController))
#5 /var/www/html/system/CodeIgniter.php(326): CodeIgniter\CodeIgniter->handleRequest(NULL, Object(Config\Cache), false)
#6 /var/www/html/index.php(39): CodeIgniter\CodeIgniter->run()
#7 {main}
ERROR - 2023-01-06 00:13:42 --> Duplicate column name 'id'
CRITICAL - 2023-01-06 03:19:00 --> Call to undefined method App\Models\BusinessCategoryModel::getResultArray
#0 /var/www/html/app/Controllers/HomeController.php(389): CodeIgniter\Model->__call('getResultArray', Array)
#1 /var/www/html/system/CodeIgniter.php(832): App\Controllers\HomeController->business_listings_subcategory_load_more('')
#2 /var/www/html/system/CodeIgniter.php(419): CodeIgniter\CodeIgniter->runController(Object(App\Controllers\HomeController))
#3 /var/www/html/system/CodeIgniter.php(326): CodeIgniter\CodeIgniter->handleRequest(NULL, Object(Config\Cache), false)
#4 /var/www/html/index.php(39): CodeIgniter\CodeIgniter->run()
#5 {main}
CRITICAL - 2023-01-06 22:15:59 --> syntax error, unexpected ')'
#0 /var/www/html/system/View/View.php(213): CodeIgniter\View\View->CodeIgniter\View\{closure}()
#1 /var/www/html/system/Common.php(1089): CodeIgniter\View\View->render('home/bussiness_...', Array, true)
#2 /var/www/html/app/Controllers/HomeController.php(525): view('home/bussiness_...', Array)
#3 /var/www/html/system/CodeIgniter.php(832): App\Controllers\HomeController->single_business('the-h-dubai')
#4 /var/www/html/system/CodeIgniter.php(419): CodeIgniter\CodeIgniter->runController(Object(App\Controllers\HomeController))
#5 /var/www/html/system/CodeIgniter.php(326): CodeIgniter\CodeIgniter->handleRequest(NULL, Object(Config\Cache), false)
#6 /var/www/html/index.php(39): CodeIgniter\CodeIgniter->run()
#7 {main}
