ERROR - 2022-12-22 05:49:48 --> Error connecting to the database: Unknown database 'dubailocal_de'
CRITICAL - 2022-12-22 05:49:48 --> Unable to connect to the database.
Main connection [MySQLi]: Unknown database 'dubailocal_de'
#0 /var/www/html/system/Database/BaseConnection.php(577): CodeIgniter\Database\BaseConnection->initialize()
#1 /var/www/html/system/Database/BaseBuilder.php(1455): CodeIgniter\Database\BaseConnection->query('SELECT *\nFROM `...', Array, false)
#2 /var/www/html/app/Models/CategoryModel.php(35): CodeIgniter\Database\BaseBuilder->get()
#3 /var/www/html/app/Controllers/HomeController.php(24): App\Models\CategoryModel->menu_categories()
#4 /var/www/html/system/CodeIgniter.php(832): App\Controllers\HomeController->index()
#5 /var/www/html/system/CodeIgniter.php(419): CodeIgniter\CodeIgniter->runController(Object(App\Controllers\HomeController))
#6 /var/www/html/system/CodeIgniter.php(326): CodeIgniter\CodeIgniter->handleRequest(NULL, Object(Config\Cache), false)
#7 /var/www/html/index.php(39): CodeIgniter\CodeIgniter->run()
#8 {main}
ERROR - 2022-12-22 05:49:57 --> Error connecting to the database: Unknown database 'dubailocal_de'
CRITICAL - 2022-12-22 05:49:57 --> Unable to connect to the database.
Main connection [MySQLi]: Unknown database 'dubailocal_de'
#0 /var/www/html/system/Database/BaseConnection.php(577): CodeIgniter\Database\BaseConnection->initialize()
#1 /var/www/html/system/Database/BaseBuilder.php(1455): CodeIgniter\Database\BaseConnection->query('SELECT *\nFROM `...', Array, false)
#2 /var/www/html/app/Models/CategoryModel.php(35): CodeIgniter\Database\BaseBuilder->get()
#3 /var/www/html/app/Controllers/HomeController.php(24): App\Models\CategoryModel->menu_categories()
#4 /var/www/html/system/CodeIgniter.php(832): App\Controllers\HomeController->index()
#5 /var/www/html/system/CodeIgniter.php(419): CodeIgniter\CodeIgniter->runController(Object(App\Controllers\HomeController))
#6 /var/www/html/system/CodeIgniter.php(326): CodeIgniter\CodeIgniter->handleRequest(NULL, Object(Config\Cache), false)
#7 /var/www/html/index.php(39): CodeIgniter\CodeIgniter->run()
#8 {main}
ERROR - 2022-12-22 05:50:02 --> Error connecting to the database: Unknown database 'dubailocal_de'
CRITICAL - 2022-12-22 05:50:02 --> Unable to connect to the database.
Main connection [MySQLi]: Unknown database 'dubailocal_de'
#0 /var/www/html/system/Database/BaseConnection.php(577): CodeIgniter\Database\BaseConnection->initialize()
#1 /var/www/html/system/Database/BaseBuilder.php(1455): CodeIgniter\Database\BaseConnection->query('SELECT *\nFROM `...', Array, false)
#2 /var/www/html/app/Models/CategoryModel.php(35): CodeIgniter\Database\BaseBuilder->get()
#3 /var/www/html/app/Controllers/HomeController.php(24): App\Models\CategoryModel->menu_categories()
#4 /var/www/html/system/CodeIgniter.php(832): App\Controllers\HomeController->index()
#5 /var/www/html/system/CodeIgniter.php(419): CodeIgniter\CodeIgniter->runController(Object(App\Controllers\HomeController))
#6 /var/www/html/system/CodeIgniter.php(326): CodeIgniter\CodeIgniter->handleRequest(NULL, Object(Config\Cache), false)
#7 /var/www/html/index.php(39): CodeIgniter\CodeIgniter->run()
#8 {main}
